2024-10-18 14:52:18 - INFO - Precondition check passed, token acquired.
2024-10-18 14:52:19 - ERROR - Request failed: HTTPSConnectionPool(host='222.85.202.67', port=689): Max retries exceeded with url: / (Caused by SSLError(SSLError(1, '[SSL: WRONG_VERSION_NUMBER] wrong version number (_ssl.c:1000)')))
2024-10-18 14:52:19 - ERROR - Request failed: HTTPSConnectionPool(host='222.85.202.67', port=689): Max retries exceeded with url: / (Caused by SSLError(SSLError(1, '[SSL: WRONG_VERSION_NUMBER] wrong version number (_ssl.c:1000)')))
2024-10-18 15:08:34 - ERROR - Request failed: HTTPSConnectionPool(host='222.85.202.67', port=689): Max retries exceeded with url: / (Caused by SSLError(SSLError(1, '[SSL: WRONG_VERSION_NUMBER] wrong version number (_ssl.c:1000)')))
2024-10-18 15:08:34 - ERROR - Request failed: HTTPSConnectionPool(host='222.85.202.67', port=689): Max retries exceeded with url: / (Caused by SSLError(SSLError(1, '[SSL: WRONG_VERSION_NUMBER] wrong version number (_ssl.c:1000)')))
2024-10-18 15:17:10 - ERROR - Request failed: HTTPSConnectionPool(host='222.85.202.67', port=688): Max retries exceeded with url: /api/crm/getVerifyCode (Caused by SSLError(SSLError(1, '[SSL: WRONG_VERSION_NUMBER] wrong version number (_ssl.c:1000)')))
2024-10-18 15:17:10 - ERROR - Request failed: HTTPSConnectionPool(host='222.85.202.67', port=688): Max retries exceeded with url: /api/crm/getVerifyCode (Caused by SSLError(SSLError(1, '[SSL: WRONG_VERSION_NUMBER] wrong version number (_ssl.c:1000)')))
2024-10-18 15:19:35 - ERROR - Request failed: HTTPSConnectionPool(host='222.85.202.67', port=688): Max retries exceeded with url: /api/crm/getVerifyCode (Caused by SSLError(SSLError(1, '[SSL: WRONG_VERSION_NUMBER] wrong version number (_ssl.c:1000)')))
2024-10-18 15:19:35 - ERROR - Request failed: HTTPSConnectionPool(host='222.85.202.67', port=688): Max retries exceeded with url: /api/crm/getVerifyCode (Caused by SSLError(SSLError(1, '[SSL: WRONG_VERSION_NUMBER] wrong version number (_ssl.c:1000)')))
2024-10-18 15:25:02 - INFO - Status Code: 200
2024-10-18 15:25:02 - INFO - Status Code: 200
2024-10-18 15:27:54 - INFO - Status Code: 200, Response Body:{"code":401,"msg":"登录状态已过期"}
2024-10-18 15:28:19 - INFO - Status Code: 200, Response Body:{"code":401,"msg":"登录状态已过期"}
2024-10-18 15:32:08 - INFO - Status Code: 200, Response Body:{"code":401,"msg":"登录状态已过期"}
2024-10-18 15:33:00 - INFO - Status Code: 200, Response Body:{"code":401,"msg":"登录状态已过期"}
2024-10-18 15:34:38 - INFO - Status Code: 200, Response Body:{"code":401,"msg":"登录状态已过期"}
2024-10-18 15:35:31 - INFO - Status Code: 200, Response Body:
2024-10-18 15:46:37 - INFO - Status Code: 200, Response Body:{"msg":"Request method 'GET' not supported","code":500}
2024-10-18 15:46:47 - INFO - Status Code: 200, Response Body:{"msg":"操作成功","code":400,"success":true,"message":"java.lang.IllegalArgumentException: Illegal base64 character 7b"}
2024-10-18 15:47:52 - INFO - Status Code: 200, Response Body:{"msg":"操作成功","code":400,"success":true,"message":"java.lang.IllegalArgumentException: Illegal base64 character 7b"}
2024-10-18 15:48:49 - INFO - Status Code: 200, Response Body:{"msg":"操作成功","code":400,"success":true,"message":"javax.crypto.BadPaddingException: Given final block not properly padded. Such issues can arise if a bad key is used during decryption."}
2024-10-18 15:53:20 - INFO - Status Code: 200, Response Body:{"msg":"组织结构下已存在同名部门","code":500}
2024-10-18 15:54:23 - INFO - Status Code: 200, Response Body:{"msg":"操作成功","code":400,"success":true,"message":"javax.crypto.BadPaddingException: Given final block not properly padded. Such issues can arise if a bad key is used during decryption."}
2024-10-18 15:55:36 - INFO - Status Code: 200, Response Body:{"msg":"操作成功","code":400,"success":true,"message":"javax.crypto.BadPaddingException: Given final block not properly padded. Such issues can arise if a bad key is used during decryption."}
2024-10-18 15:58:33 - INFO - Status Code: 200, Response Body:{"msg":"组织结构下已存在同名部门","code":500}
2024-10-18 15:59:40 - INFO - Status Code: 200, Response Body:{"msg":"操作成功","code":400,"success":true,"message":"javax.crypto.BadPaddingException: Given final block not properly padded. Such issues can arise if a bad key is used during decryption."}
2024-10-18 16:28:53 - INFO - Status Code: 200, Response Body:{"msg":"操作成功","code":400,"success":true,"message":"javax.crypto.BadPaddingException: Given final block not properly padded. Such issues can arise if a bad key is used during decryption."}
2024-10-18 17:24:57 - INFO - Status Code: 200, Response Body:{"msg":"组织结构下已存在同名部门","code":500}
2024-10-18 17:30:23 - INFO - Status Code: 200, Response Body:{"msg":"组织结构下已存在同名部门","code":500}
2024-10-18 17:30:36 - INFO - Status Code: 200, Response Body:{"msg":"组织结构下已存在同名部门","code":500}
2024-10-18 17:30:36 - INFO - Status Code: 200, Response Body:{"msg":"组织结构下已存在同名部门","code":500}
2024-10-18 17:30:36 - INFO - Status Code: 200, Response Body:{"msg":"组织结构下已存在同名部门","code":500}
2024-10-18 17:30:36 - INFO - Status Code: 200, Response Body:{"msg":"组织结构下已存在同名部门","code":500}
2024-10-18 17:30:36 - INFO - Status Code: 200, Response Body:{"msg":"组织结构下已存在同名部门","code":500}
2024-10-18 17:30:36 - INFO - Status Code: 200, Response Body:{"msg":"组织结构下已存在同名部门","code":500}
2024-10-18 17:30:36 - INFO - Status Code: 200, Response Body:{"msg":"组织结构下已存在同名部门","code":500}
2024-10-18 17:30:36 - INFO - Status Code: 200, Response Body:{"msg":"组织结构下已存在同名部门","code":500}
2024-10-18 17:30:36 - INFO - Status Code: 200, Response Body:{"msg":"组织结构下已存在同名部门","code":500}
2024-10-18 17:30:36 - INFO - Status Code: 200, Response Body:{"msg":"组织结构下已存在同名部门","code":500}
2024-10-18 17:31:31 - INFO - Status Code: 200, Response Body:{"msg":"组织结构下已存在同名部门","code":500}
2024-10-21 14:13:31 - INFO - Status Code: 200, Response Body:{"code":401,"msg":"登录状态已过期"}
2024-10-21 14:14:03 - INFO - Status Code: 200, Response Body:{"code":401,"msg":"登录状态已过期"}
2024-10-21 16:24:50 - INFO - Status Code: 200, Response Body:{"code":401,"msg":"登录状态已过期"}
2024-10-21 16:25:07 - INFO - Status Code: 200, Response Body:{"code":401,"msg":"登录状态已过期"}
2024-10-21 17:16:27 - INFO - Status Code: 200, Response Body:{"code":401,"msg":"令牌不能为空"}
2024-10-21 17:17:18 - INFO - Status Code: 200, Response Body:{"code":401,"msg":"令牌不能为空"}
2024-10-21 17:30:11 - INFO - Status Code: 200, Response Body: {"msg":"操作成功","code":400,"success":true,"message":"时间戳参数timestamp不能为空！"}
2024-10-21 17:31:36 - INFO - Starting API test...
2024-10-21 17:31:37 - INFO - Status Code: 200, Response Body: {"msg":"操作成功","code":400,"success":true,"message":"时间戳参数timestamp不能为空！"}
2024-10-21 17:36:00 - INFO - Starting API test...
2024-10-21 17:40:37 - INFO - Starting API test...
2024-10-21 17:40:37 - INFO - Status Code: 200, Response Body: {"msg":"操作成功","code":200,"data":{"id":"1837094853405728770","name":"贵州工匠行科技有限公司","parentId":null,"rootId":"1837094853405728770","type":"root","children":[{"id":"1837103621094912002","name":"cml测试分公司","parentId":"1837094853405728770","rootId":"1837094853405728770","type":"branch","children":[{"id":"1837104364556349442","name":"cml测试-研发部new1","parentId":"1837103621094912002","rootId":"1837094853405728770","type":"dept","children":[],"peopleNum":8},{"id":"1837787884295471106","name":"测试","parentId":"1837103621094912002","rootId":"1837094853405728770","type":"dept","children":[],"peopleNum":1}],"peopleNum":8},{"id":"1846021687502602241","name":"v","parentId":"1837094853405728770","rootId":"1837094853405728770","type":"branch","children":[],"peopleNum":0},{"id":"1848276059271901186","name":"审批公司","parentId":"1837094853405728770","rootId":"1837094853405728770","type":"branch","children":[],"peopleNum":0},{"id":"1839130015535665153","name":"测试分公司","parentId":"1837094853405728770","rootId":"1837094853405728770","type":"branch","children":[{"id":"1843584448000573442","name":"测试","parentId":"1839130015535665153","rootId":"1837094853405728770","type":"dept","children":[],"peopleNum":0},{"id":"1846080519536848897","name":"测试1","parentId":"1839130015535665153","rootId":"1837094853405728770","type":"dept","children":[],"peopleNum":0},{"id":"1844565386645954562","name":"测试2","parentId":"1839130015535665153","rootId":"1837094853405728770","type":"dept","children":[],"peopleNum":0},{"id":"1846087428063047681","name":"测试3","parentId":"1839130015535665153","rootId":"1837094853405728770","type":"dept","children":[],"peopleNum":0},{"id":"1839130139439628290","name":"测试部门","parentId":"1839130015535665153","rootId":"1837094853405728770","type":"dept","children":[],"peopleNum":11},{"id":"1844565290218905601","name":"测试","parentId":"1839130015535665153","rootId":"1837094853405728770","type":"dept","children":[],"peopleNum":0},{"id":"1844572849395367937","name":"测试","parentId":"1839130015535665153","rootId":"1837094853405728770","type":"dept","children":[],"peopleNum":1}],"peopleNum":12},{"id":"1838477805898416130","name":"测试","parentId":"1837094853405728770","rootId":"1837094853405728770","type":"sub","children":[{"id":"1846021570791899138","name":"a","parentId":"1838477805898416130","rootId":"1837094853405728770","type":"sub","children":[],"peopleNum":0}],"peopleNum":0},{"id":"1843582585989668865","name":"a","parentId":"1837094853405728770","rootId":"1837094853405728770","type":"sub","children":[],"peopleNum":0},{"id":"1837119812639305730","name":"王炜子公司1","parentId":"1837094853405728770","rootId":"1837094853405728770","type":"sub","children":[{"id":"1847196416414543873","name":"部门","parentId":"1837119812639305730","rootId":"1837094853405728770","type":"dept","children":[],"peopleNum":0},{"id":"1837119940985057282","name":"王炜测试子公司-部门1","parentId":"1837119812639305730","rootId":"1837094853405728770","type":"dept","children":[],"peopleNum":3},{"id":"1847180721572245506","name":"部门1","parentId":"1837119812639305730","rootId":"1837094853405728770","type":"dept","children":[],"peopleNum":0}],"peopleNum":3},{"id":"1844633685262483457","name":"aaa","parentId":"1837094853405728770","rootId":"1837094853405728770","type":"sub","children":[{"id":"1846085440495628289","name":"mmmmmmm","parentId":"1844633685262483457","rootId":"1837094853405728770","type":"dept","children":[],"peopleNum":0}],"peopleNum":0},{"id":"1839249182234382337","name":"aa","parentId":"1837094853405728770","rootId":"1837094853405728770","type":"sub","children":[],"peopleNum":0},{"id":"1837103444112060418","name":"cml测试子公司","parentId":"1837094853405728770","rootId":"1837094853405728770","type":"sub","children":[{"id":"1837103831284150273","name":"cml测试部门","parentId":"1837103444112060418","rootId":"1837094853405728770","type":"dept","children":[],"peopleNum":1},{"id":"1838491596899905537","name":"研发部","parentId":"1837103444112060418","rootId":"1837094853405728770","type":"dept","children":[],"peopleNum":4}],"peopleNum":4},{"id":"1848265103531749378","name":"ccccccccc","parentId":"1837094853405728770","rootId":"1837094853405728770","type":"sub","children":[],"peopleNum":0},{"id":"1838508192527708161","name":"行政部","parentId":"1837094853405728770","rootId":"1837094853405728770","type":"dept","children":[],"peopleNum":5},{"id":"1837094854533996546","name":"四川分公司","parentId":"1837094853405728770","rootId":"1837094853405728770","type":"dept","children":[],"peopleNum":0},{"id":"1837094854282338306","name":"财务部门","parentId":"1837094853405728770","rootId":"1837094853405728770","type":"dept","children":[],"peopleNum":5},{"id":"1837094854223618049","name":"总经办","parentId":"1837094853405728770","rootId":"1837094853405728770","type":"dept","children":[],"peopleNum":0},{"id":"1837094854831792130","name":"二组","parentId":"1837094853405728770","rootId":"1837094853405728770","type":"dept","children":[],"peopleNum":0},{"id":"1837094854747906049","name":"三类八大员","parentId":"1837094853405728770","rootId":"1837094853405728770","type":"dept","children":[],"peopleNum":0},{"id":"1837094854454304769","name":"数据部门","parentId":"1837094853405728770","rootId":"1837094853405728770","type":"dept","children":[],"peopleNum":0},{"id":"1837094854252978178","name":"就业事业部","parentId":"1837094853405728770","rootId":"1837094853405728770","type":"dept","children":[],"peopleNum":0},{"id":"1837094855037313025","name":"重庆分公司-培训","parentId":"1837094853405728770","rootId":"1837094853405728770","type":"dept","children":[],"peopleNum":0},{"id":"1837094854601105409","name":"制造业","parentId":"1837094853405728770","rootId":"1837094853405728770","type":"dept","children":[],"peopleNum":0},{"id":"1838754020982943745","name":"测试部门1","parentId":"1837094853405728770","rootId":"1837094853405728770","type":"dept","children":[],"peopleNum":4},{"id":"1837094855108616194","name":"其他部门","parentId":"1837094853405728770","rootId":"1837094853405728770","type":"dept","children":[],"peopleNum":50},{"id":"1837094854852763649","name":"三组","parentId":"1837094853405728770","rootId":"1837094853405728770","type":"dept","children":[],"peopleNum":0},{"id":"1837094854684991489","name":"服务业","parentId":"1837094853405728770","rootId":"1837094853405728770","type":"dept","children":[],"peopleNum":0},{"id":"1837094854307504129","name":"就业事业部（岗位服务）","parentId":"1837094853405728770","rootId":"1837094853405728770","type":"dept","children":[],"peopleNum":0},{"id":"1837094854575939585","name":"建筑业","parentId":"1837094853405728770","rootId":"1837094853405728770","type":"dept","children":[],"peopleNum":0},{"id":"1837094855062478850","name":"四川分公司-就业","parentId":"1837094853405728770","rootId":"1837094853405728770","type":"dept","children":[],"peopleNum":0},{"id":"1837094854911483905","name":"试岗/兼职组","parentId":"1837094853405728770","rootId":"1837094853405728770","type":"dept","children":[],"peopleNum":0},{"id":"1837783713483767809","name":"测试","parentId":"1837094853405728770","rootId":"1837094853405728770","type":"dept","children":[],"peopleNum":1},{"id":"1837094854886318081","name":"技术组","parentId":"1837094853405728770","rootId":"1837094853405728770","type":"dept","children":[],"peopleNum":0},{"id":"1837094855087644674","name":"四川分公司-培训","parentId":"1837094853405728770","rootId":"1837094853405728770","type":"dept","children":[],"peopleNum":0},{"id":"1837094854726934530","name":"人力资源服务中心","parentId":"1837094853405728770","rootId":"1837094853405728770","type":"dept","children":[],"peopleNum":0},{"id":"1838529494110072834","name":"大数据部","parentId":"1837094853405728770","rootId":"1837094853405728770","type":"dept","children":[],"peopleNum":0},{"id":"1838514909709758465","name":"培训事业部","parentId":"1837094853405728770","rootId":"1837094853405728770","type":"dept","children":[],"peopleNum":0},{"id":"1837094854341058561","name":"新建数","parentId":"1837094853405728770","rootId":"1837094853405728770","type":"dept","children":[],"peopleNum":0},{"id":"1837094854953426945","name":"重庆分公司-就业","parentId":"1837094853405728770","rootId":"1837094853405728770","type":"dept","children":[],"peopleNum":0},{"id":"1837094854626271234","name":"家政","parentId":"1837094853405728770","rootId":"1837094853405728770","type":"dept","children":[],"peopleNum":0},{"id":"1837094854508830721","name":"重庆分公司","parentId":"1837094853405728770","rootId":"1837094853405728770","type":"dept","children":[],"peopleNum":0},{"id":"1838515661647802369","name":"品宣部","parentId":"1837094853405728770","rootId":"1837094853405728770","type":"dept","children":[],"peopleNum":0},{"id":"1837094854554968065","name":" 数据交换","parentId":"1837094853405728770","rootId":"1837094853405728770","type":"dept","children":[],"peopleNum":0},{"id":"1837094854810820609","name":"一组","parentId":"1837094853405728770","rootId":"1837094853405728770","type":"dept","children":[],"peopleNum":0},{"id":"1837094854794043394","name":"支持组","parentId":"1837094853405728770","rootId":"1837094853405728770","type":"dept","children":[],"peopleNum":0},{"id":"1837094854760488961","name":"特种人员","parentId":"1837094853405728770","rootId":"1837094853405728770","type":"dept","children":[],"peopleNum":0},{"id":"1837094854869540865","name":"四组","parentId":"1837094853405728770","rootId":"1837094853405728770","type":"dept","children":[],"peopleNum":0},{"id":"1838515939340087297","name":"BP部","parentId":"1837094853405728770","rootId":"1837094853405728770","type":"dept","children":[],"peopleNum":0},{"id":"1838509503449034753","name":"教务部","parentId":"1837094853405728770","rootId":"1837094853405728770","type":"dept","children":[],"peopleNum":0},{"id":"1837094854932455426","name":"离职组","parentId":"1837094853405728770","rootId":"1837094853405728770","type":"dept","children":[],"peopleNum":0},{"id":"1837094853858713601","name":"工匠行","parentId":"1837094853405728770","rootId":"1837094853405728770","type":"dept","children":[],"peopleNum":3},{"id":"1837094854647242753","name":"装饰装修","parentId":"1837094853405728770","rootId":"1837094853405728770","type":"dept","children":[],"peopleNum":0},{"id":"1837094854424944641","name":"研发部门","parentId":"1837094853405728770","rootId":"1837094853405728770","type":"dept","children":[],"peopleNum":20},{"id":"1837094854710157313","name":"劳务派遣公司服务","parentId":"1837094853405728770","rootId":"1837094853405728770","type":"dept","children":[],"peopleNum":0},{"id":"1837094854664019970","name":"企业资源资质服务","parentId":"1837094853405728770","rootId":"1837094853405728770","type":"dept","children":[],"peopleNum":0},{"id":"1837094854399778818","name":"人资部门","parentId":"1837094853405728770","rootId":"1837094853405728770","type":"dept","children":[],"peopleNum":0},{"id":"1837094854374612993","name":"黔农珍品部门","parentId":"1837094853405728770","rootId":"1837094853405728770","type":"dept","children":[],"peopleNum":0},{"id":"1837094854479470593","name":"学校","parentId":"1837094853405728770","rootId":"1837094853405728770","type":"dept","children":[],"peopleNum":0}],"peopleNum":87},"success":true}
2024-10-21 17:47:12 - INFO - Starting API test...
2024-10-21 17:47:27 - INFO - Starting API test...
2024-10-21 17:47:27 - INFO - Status Code: 200, Response Body: {"msg":"操作成功","code":200,"data":{"id":"1837094853405728770","name":"贵州工匠行科技有限公司","parentId":null,"rootId":"1837094853405728770","type":"root","children":[{"id":"1837103621094912002","name":"cml测试分公司","parentId":"1837094853405728770","rootId":"1837094853405728770","type":"branch","children":[{"id":"1837104364556349442","name":"cml测试-研发部new1","parentId":"1837103621094912002","rootId":"1837094853405728770","type":"dept","children":[],"peopleNum":8},{"id":"1837787884295471106","name":"测试","parentId":"1837103621094912002","rootId":"1837094853405728770","type":"dept","children":[],"peopleNum":1}],"peopleNum":8},{"id":"1846021687502602241","name":"v","parentId":"1837094853405728770","rootId":"1837094853405728770","type":"branch","children":[],"peopleNum":0},{"id":"1848276059271901186","name":"审批公司","parentId":"1837094853405728770","rootId":"1837094853405728770","type":"branch","children":[],"peopleNum":0},{"id":"1839130015535665153","name":"测试分公司","parentId":"1837094853405728770","rootId":"1837094853405728770","type":"branch","children":[{"id":"1843584448000573442","name":"测试","parentId":"1839130015535665153","rootId":"1837094853405728770","type":"dept","children":[],"peopleNum":0},{"id":"1846080519536848897","name":"测试1","parentId":"1839130015535665153","rootId":"1837094853405728770","type":"dept","children":[],"peopleNum":0},{"id":"1844565386645954562","name":"测试2","parentId":"1839130015535665153","rootId":"1837094853405728770","type":"dept","children":[],"peopleNum":0},{"id":"1846087428063047681","name":"测试3","parentId":"1839130015535665153","rootId":"1837094853405728770","type":"dept","children":[],"peopleNum":0},{"id":"1839130139439628290","name":"测试部门","parentId":"1839130015535665153","rootId":"1837094853405728770","type":"dept","children":[],"peopleNum":11},{"id":"1844565290218905601","name":"测试","parentId":"1839130015535665153","rootId":"1837094853405728770","type":"dept","children":[],"peopleNum":0},{"id":"1844572849395367937","name":"测试","parentId":"1839130015535665153","rootId":"1837094853405728770","type":"dept","children":[],"peopleNum":1}],"peopleNum":12},{"id":"1838477805898416130","name":"测试","parentId":"1837094853405728770","rootId":"1837094853405728770","type":"sub","children":[{"id":"1846021570791899138","name":"a","parentId":"1838477805898416130","rootId":"1837094853405728770","type":"sub","children":[],"peopleNum":0}],"peopleNum":0},{"id":"1843582585989668865","name":"a","parentId":"1837094853405728770","rootId":"1837094853405728770","type":"sub","children":[],"peopleNum":0},{"id":"1837119812639305730","name":"王炜子公司1","parentId":"1837094853405728770","rootId":"1837094853405728770","type":"sub","children":[{"id":"1847196416414543873","name":"部门","parentId":"1837119812639305730","rootId":"1837094853405728770","type":"dept","children":[],"peopleNum":0},{"id":"1837119940985057282","name":"王炜测试子公司-部门1","parentId":"1837119812639305730","rootId":"1837094853405728770","type":"dept","children":[],"peopleNum":3},{"id":"1847180721572245506","name":"部门1","parentId":"1837119812639305730","rootId":"1837094853405728770","type":"dept","children":[],"peopleNum":0}],"peopleNum":3},{"id":"1844633685262483457","name":"aaa","parentId":"1837094853405728770","rootId":"1837094853405728770","type":"sub","children":[{"id":"1846085440495628289","name":"mmmmmmm","parentId":"1844633685262483457","rootId":"1837094853405728770","type":"dept","children":[],"peopleNum":0}],"peopleNum":0},{"id":"1839249182234382337","name":"aa","parentId":"1837094853405728770","rootId":"1837094853405728770","type":"sub","children":[],"peopleNum":0},{"id":"1837103444112060418","name":"cml测试子公司","parentId":"1837094853405728770","rootId":"1837094853405728770","type":"sub","children":[{"id":"1837103831284150273","name":"cml测试部门","parentId":"1837103444112060418","rootId":"1837094853405728770","type":"dept","children":[],"peopleNum":1},{"id":"1838491596899905537","name":"研发部","parentId":"1837103444112060418","rootId":"1837094853405728770","type":"dept","children":[],"peopleNum":4}],"peopleNum":4},{"id":"1848265103531749378","name":"ccccccccc","parentId":"1837094853405728770","rootId":"1837094853405728770","type":"sub","children":[],"peopleNum":0},{"id":"1838508192527708161","name":"行政部","parentId":"1837094853405728770","rootId":"1837094853405728770","type":"dept","children":[],"peopleNum":5},{"id":"1837094854533996546","name":"四川分公司","parentId":"1837094853405728770","rootId":"1837094853405728770","type":"dept","children":[],"peopleNum":0},{"id":"1837094854282338306","name":"财务部门","parentId":"1837094853405728770","rootId":"1837094853405728770","type":"dept","children":[],"peopleNum":5},{"id":"1837094854223618049","name":"总经办","parentId":"1837094853405728770","rootId":"1837094853405728770","type":"dept","children":[],"peopleNum":0},{"id":"1837094854831792130","name":"二组","parentId":"1837094853405728770","rootId":"1837094853405728770","type":"dept","children":[],"peopleNum":0},{"id":"1837094854747906049","name":"三类八大员","parentId":"1837094853405728770","rootId":"1837094853405728770","type":"dept","children":[],"peopleNum":0},{"id":"1837094854454304769","name":"数据部门","parentId":"1837094853405728770","rootId":"1837094853405728770","type":"dept","children":[],"peopleNum":0},{"id":"1837094854252978178","name":"就业事业部","parentId":"1837094853405728770","rootId":"1837094853405728770","type":"dept","children":[],"peopleNum":0},{"id":"1837094855037313025","name":"重庆分公司-培训","parentId":"1837094853405728770","rootId":"1837094853405728770","type":"dept","children":[],"peopleNum":0},{"id":"1837094854601105409","name":"制造业","parentId":"1837094853405728770","rootId":"1837094853405728770","type":"dept","children":[],"peopleNum":0},{"id":"1838754020982943745","name":"测试部门1","parentId":"1837094853405728770","rootId":"1837094853405728770","type":"dept","children":[],"peopleNum":4},{"id":"1837094855108616194","name":"其他部门","parentId":"1837094853405728770","rootId":"1837094853405728770","type":"dept","children":[],"peopleNum":50},{"id":"1837094854852763649","name":"三组","parentId":"1837094853405728770","rootId":"1837094853405728770","type":"dept","children":[],"peopleNum":0},{"id":"1837094854684991489","name":"服务业","parentId":"1837094853405728770","rootId":"1837094853405728770","type":"dept","children":[],"peopleNum":0},{"id":"1837094854307504129","name":"就业事业部（岗位服务）","parentId":"1837094853405728770","rootId":"1837094853405728770","type":"dept","children":[],"peopleNum":0},{"id":"1837094854575939585","name":"建筑业","parentId":"1837094853405728770","rootId":"1837094853405728770","type":"dept","children":[],"peopleNum":0},{"id":"1837094855062478850","name":"四川分公司-就业","parentId":"1837094853405728770","rootId":"1837094853405728770","type":"dept","children":[],"peopleNum":0},{"id":"1837094854911483905","name":"试岗/兼职组","parentId":"1837094853405728770","rootId":"1837094853405728770","type":"dept","children":[],"peopleNum":0},{"id":"1837783713483767809","name":"测试","parentId":"1837094853405728770","rootId":"1837094853405728770","type":"dept","children":[],"peopleNum":1},{"id":"1837094854886318081","name":"技术组","parentId":"1837094853405728770","rootId":"1837094853405728770","type":"dept","children":[],"peopleNum":0},{"id":"1837094855087644674","name":"四川分公司-培训","parentId":"1837094853405728770","rootId":"1837094853405728770","type":"dept","children":[],"peopleNum":0},{"id":"1837094854726934530","name":"人力资源服务中心","parentId":"1837094853405728770","rootId":"1837094853405728770","type":"dept","children":[],"peopleNum":0},{"id":"1838529494110072834","name":"大数据部","parentId":"1837094853405728770","rootId":"1837094853405728770","type":"dept","children":[],"peopleNum":0},{"id":"1838514909709758465","name":"培训事业部","parentId":"1837094853405728770","rootId":"1837094853405728770","type":"dept","children":[],"peopleNum":0},{"id":"1837094854341058561","name":"新建数","parentId":"1837094853405728770","rootId":"1837094853405728770","type":"dept","children":[],"peopleNum":0},{"id":"1837094854953426945","name":"重庆分公司-就业","parentId":"1837094853405728770","rootId":"1837094853405728770","type":"dept","children":[],"peopleNum":0},{"id":"1837094854626271234","name":"家政","parentId":"1837094853405728770","rootId":"1837094853405728770","type":"dept","children":[],"peopleNum":0},{"id":"1837094854508830721","name":"重庆分公司","parentId":"1837094853405728770","rootId":"1837094853405728770","type":"dept","children":[],"peopleNum":0},{"id":"1838515661647802369","name":"品宣部","parentId":"1837094853405728770","rootId":"1837094853405728770","type":"dept","children":[],"peopleNum":0},{"id":"1837094854554968065","name":" 数据交换","parentId":"1837094853405728770","rootId":"1837094853405728770","type":"dept","children":[],"peopleNum":0},{"id":"1837094854810820609","name":"一组","parentId":"1837094853405728770","rootId":"1837094853405728770","type":"dept","children":[],"peopleNum":0},{"id":"1837094854794043394","name":"支持组","parentId":"1837094853405728770","rootId":"1837094853405728770","type":"dept","children":[],"peopleNum":0},{"id":"1837094854760488961","name":"特种人员","parentId":"1837094853405728770","rootId":"1837094853405728770","type":"dept","children":[],"peopleNum":0},{"id":"1837094854869540865","name":"四组","parentId":"1837094853405728770","rootId":"1837094853405728770","type":"dept","children":[],"peopleNum":0},{"id":"1838515939340087297","name":"BP部","parentId":"1837094853405728770","rootId":"1837094853405728770","type":"dept","children":[],"peopleNum":0},{"id":"1838509503449034753","name":"教务部","parentId":"1837094853405728770","rootId":"1837094853405728770","type":"dept","children":[],"peopleNum":0},{"id":"1837094854932455426","name":"离职组","parentId":"1837094853405728770","rootId":"1837094853405728770","type":"dept","children":[],"peopleNum":0},{"id":"1837094853858713601","name":"工匠行","parentId":"1837094853405728770","rootId":"1837094853405728770","type":"dept","children":[],"peopleNum":3},{"id":"1837094854647242753","name":"装饰装修","parentId":"1837094853405728770","rootId":"1837094853405728770","type":"dept","children":[],"peopleNum":0},{"id":"1837094854424944641","name":"研发部门","parentId":"1837094853405728770","rootId":"1837094853405728770","type":"dept","children":[],"peopleNum":20},{"id":"1837094854710157313","name":"劳务派遣公司服务","parentId":"1837094853405728770","rootId":"1837094853405728770","type":"dept","children":[],"peopleNum":0},{"id":"1837094854664019970","name":"企业资源资质服务","parentId":"1837094853405728770","rootId":"1837094853405728770","type":"dept","children":[],"peopleNum":0},{"id":"1837094854399778818","name":"人资部门","parentId":"1837094853405728770","rootId":"1837094853405728770","type":"dept","children":[],"peopleNum":0},{"id":"1837094854374612993","name":"黔农珍品部门","parentId":"1837094853405728770","rootId":"1837094853405728770","type":"dept","children":[],"peopleNum":0},{"id":"1837094854479470593","name":"学校","parentId":"1837094853405728770","rootId":"1837094853405728770","type":"dept","children":[],"peopleNum":0}],"peopleNum":87},"success":true}
2024-10-21 17:47:54 - INFO - Starting API test...
2024-10-21 17:47:54 - INFO - Status Code: 200, Response Body: {
    "msg": "操作成功",
    "code": 200,
    "data": {
        "id": "1837094853405728770",
        "name": "贵州工匠行科技有限公司",
        "parentId": null,
        "rootId": "1837094853405728770",
        "type": "root",
        "children": [
            {
                "id": "1837103621094912002",
                "name": "cml测试分公司",
                "parentId": "1837094853405728770",
                "rootId": "1837094853405728770",
                "type": "branch",
                "children": [
                    {
                        "id": "1837104364556349442",
                        "name": "cml测试-研发部new1",
                        "parentId": "1837103621094912002",
                        "rootId": "1837094853405728770",
                        "type": "dept",
                        "children": [],
                        "peopleNum": 8
                    },
                    {
                        "id": "1837787884295471106",
                        "name": "测试",
                        "parentId": "1837103621094912002",
                        "rootId": "1837094853405728770",
                        "type": "dept",
                        "children": [],
                        "peopleNum": 1
                    }
                ],
                "peopleNum": 8
            },
            {
                "id": "1846021687502602241",
                "name": "v",
                "parentId": "1837094853405728770",
                "rootId": "1837094853405728770",
                "type": "branch",
                "children": [],
                "peopleNum": 0
            },
            {
                "id": "1848276059271901186",
                "name": "审批公司",
                "parentId": "1837094853405728770",
                "rootId": "1837094853405728770",
                "type": "branch",
                "children": [],
                "peopleNum": 0
            },
            {
                "id": "1839130015535665153",
                "name": "测试分公司",
                "parentId": "1837094853405728770",
                "rootId": "1837094853405728770",
                "type": "branch",
                "children": [
                    {
                        "id": "1843584448000573442",
                        "name": "测试",
                        "parentId": "1839130015535665153",
                        "rootId": "1837094853405728770",
                        "type": "dept",
                        "children": [],
                        "peopleNum": 0
                    },
                    {
                        "id": "1846080519536848897",
                        "name": "测试1",
                        "parentId": "1839130015535665153",
                        "rootId": "1837094853405728770",
                        "type": "dept",
                        "children": [],
                        "peopleNum": 0
                    },
                    {
                        "id": "1844565386645954562",
                        "name": "测试2",
                        "parentId": "1839130015535665153",
                        "rootId": "1837094853405728770",
                        "type": "dept",
                        "children": [],
                        "peopleNum": 0
                    },
                    {
                        "id": "1846087428063047681",
                        "name": "测试3",
                        "parentId": "1839130015535665153",
                        "rootId": "1837094853405728770",
                        "type": "dept",
                        "children": [],
                        "peopleNum": 0
                    },
                    {
                        "id": "1839130139439628290",
                        "name": "测试部门",
                        "parentId": "1839130015535665153",
                        "rootId": "1837094853405728770",
                        "type": "dept",
                        "children": [],
                        "peopleNum": 11
                    },
                    {
                        "id": "1844565290218905601",
                        "name": "测试",
                        "parentId": "1839130015535665153",
                        "rootId": "1837094853405728770",
                        "type": "dept",
                        "children": [],
                        "peopleNum": 0
                    },
                    {
                        "id": "1844572849395367937",
                        "name": "测试",
                        "parentId": "1839130015535665153",
                        "rootId": "1837094853405728770",
                        "type": "dept",
                        "children": [],
                        "peopleNum": 1
                    }
                ],
                "peopleNum": 12
            },
            {
                "id": "1838477805898416130",
                "name": "测试",
                "parentId": "1837094853405728770",
                "rootId": "1837094853405728770",
                "type": "sub",
                "children": [
                    {
                        "id": "1846021570791899138",
                        "name": "a",
                        "parentId": "1838477805898416130",
                        "rootId": "1837094853405728770",
                        "type": "sub",
                        "children": [],
                        "peopleNum": 0
                    }
                ],
                "peopleNum": 0
            },
            {
                "id": "1843582585989668865",
                "name": "a",
                "parentId": "1837094853405728770",
                "rootId": "1837094853405728770",
                "type": "sub",
                "children": [],
                "peopleNum": 0
            },
            {
                "id": "1837119812639305730",
                "name": "王炜子公司1",
                "parentId": "1837094853405728770",
                "rootId": "1837094853405728770",
                "type": "sub",
                "children": [
                    {
                        "id": "1847196416414543873",
                        "name": "部门",
                        "parentId": "1837119812639305730",
                        "rootId": "1837094853405728770",
                        "type": "dept",
                        "children": [],
                        "peopleNum": 0
                    },
                    {
                        "id": "1837119940985057282",
                        "name": "王炜测试子公司-部门1",
                        "parentId": "1837119812639305730",
                        "rootId": "1837094853405728770",
                        "type": "dept",
                        "children": [],
                        "peopleNum": 3
                    },
                    {
                        "id": "1847180721572245506",
                        "name": "部门1",
                        "parentId": "1837119812639305730",
                        "rootId": "1837094853405728770",
                        "type": "dept",
                        "children": [],
                        "peopleNum": 0
                    }
                ],
                "peopleNum": 3
            },
            {
                "id": "1844633685262483457",
                "name": "aaa",
                "parentId": "1837094853405728770",
                "rootId": "1837094853405728770",
                "type": "sub",
                "children": [
                    {
                        "id": "1846085440495628289",
                        "name": "mmmmmmm",
                        "parentId": "1844633685262483457",
                        "rootId": "1837094853405728770",
                        "type": "dept",
                        "children": [],
                        "peopleNum": 0
                    }
                ],
                "peopleNum": 0
            },
            {
                "id": "1839249182234382337",
                "name": "aa",
                "parentId": "1837094853405728770",
                "rootId": "1837094853405728770",
                "type": "sub",
                "children": [],
                "peopleNum": 0
            },
            {
                "id": "1837103444112060418",
                "name": "cml测试子公司",
                "parentId": "1837094853405728770",
                "rootId": "1837094853405728770",
                "type": "sub",
                "children": [
                    {
                        "id": "1837103831284150273",
                        "name": "cml测试部门",
                        "parentId": "1837103444112060418",
                        "rootId": "1837094853405728770",
                        "type": "dept",
                        "children": [],
                        "peopleNum": 1
                    },
                    {
                        "id": "1838491596899905537",
                        "name": "研发部",
                        "parentId": "1837103444112060418",
                        "rootId": "1837094853405728770",
                        "type": "dept",
                        "children": [],
                        "peopleNum": 4
                    }
                ],
                "peopleNum": 4
            },
            {
                "id": "1848265103531749378",
                "name": "ccccccccc",
                "parentId": "1837094853405728770",
                "rootId": "1837094853405728770",
                "type": "sub",
                "children": [],
                "peopleNum": 0
            },
            {
                "id": "1838508192527708161",
                "name": "行政部",
                "parentId": "1837094853405728770",
                "rootId": "1837094853405728770",
                "type": "dept",
                "children": [],
                "peopleNum": 5
            },
            {
                "id": "1837094854533996546",
                "name": "四川分公司",
                "parentId": "1837094853405728770",
                "rootId": "1837094853405728770",
                "type": "dept",
                "children": [],
                "peopleNum": 0
            },
            {
                "id": "1837094854282338306",
                "name": "财务部门",
                "parentId": "1837094853405728770",
                "rootId": "1837094853405728770",
                "type": "dept",
                "children": [],
                "peopleNum": 5
            },
            {
                "id": "1837094854223618049",
                "name": "总经办",
                "parentId": "1837094853405728770",
                "rootId": "1837094853405728770",
                "type": "dept",
                "children": [],
                "peopleNum": 0
            },
            {
                "id": "1837094854831792130",
                "name": "二组",
                "parentId": "1837094853405728770",
                "rootId": "1837094853405728770",
                "type": "dept",
                "children": [],
                "peopleNum": 0
            },
            {
                "id": "1837094854747906049",
                "name": "三类八大员",
                "parentId": "1837094853405728770",
                "rootId": "1837094853405728770",
                "type": "dept",
                "children": [],
                "peopleNum": 0
            },
            {
                "id": "1837094854454304769",
                "name": "数据部门",
                "parentId": "1837094853405728770",
                "rootId": "1837094853405728770",
                "type": "dept",
                "children": [],
                "peopleNum": 0
            },
            {
                "id": "1837094854252978178",
                "name": "就业事业部",
                "parentId": "1837094853405728770",
                "rootId": "1837094853405728770",
                "type": "dept",
                "children": [],
                "peopleNum": 0
            },
            {
                "id": "1837094855037313025",
                "name": "重庆分公司-培训",
                "parentId": "1837094853405728770",
                "rootId": "1837094853405728770",
                "type": "dept",
                "children": [],
                "peopleNum": 0
            },
            {
                "id": "1837094854601105409",
                "name": "制造业",
                "parentId": "1837094853405728770",
                "rootId": "1837094853405728770",
                "type": "dept",
                "children": [],
                "peopleNum": 0
            },
            {
                "id": "1838754020982943745",
                "name": "测试部门1",
                "parentId": "1837094853405728770",
                "rootId": "1837094853405728770",
                "type": "dept",
                "children": [],
                "peopleNum": 4
            },
            {
                "id": "1837094855108616194",
                "name": "其他部门",
                "parentId": "1837094853405728770",
                "rootId": "1837094853405728770",
                "type": "dept",
                "children": [],
                "peopleNum": 50
            },
            {
                "id": "1837094854852763649",
                "name": "三组",
                "parentId": "1837094853405728770",
                "rootId": "1837094853405728770",
                "type": "dept",
                "children": [],
                "peopleNum": 0
            },
            {
                "id": "1837094854684991489",
                "name": "服务业",
                "parentId": "1837094853405728770",
                "rootId": "1837094853405728770",
                "type": "dept",
                "children": [],
                "peopleNum": 0
            },
            {
                "id": "1837094854307504129",
                "name": "就业事业部（岗位服务）",
                "parentId": "1837094853405728770",
                "rootId": "1837094853405728770",
                "type": "dept",
                "children": [],
                "peopleNum": 0
            },
            {
                "id": "1837094854575939585",
                "name": "建筑业",
                "parentId": "1837094853405728770",
                "rootId": "1837094853405728770",
                "type": "dept",
                "children": [],
                "peopleNum": 0
            },
            {
                "id": "1837094855062478850",
                "name": "四川分公司-就业",
                "parentId": "1837094853405728770",
                "rootId": "1837094853405728770",
                "type": "dept",
                "children": [],
                "peopleNum": 0
            },
            {
                "id": "1837094854911483905",
                "name": "试岗/兼职组",
                "parentId": "1837094853405728770",
                "rootId": "1837094853405728770",
                "type": "dept",
                "children": [],
                "peopleNum": 0
            },
            {
                "id": "1837783713483767809",
                "name": "测试",
                "parentId": "1837094853405728770",
                "rootId": "1837094853405728770",
                "type": "dept",
                "children": [],
                "peopleNum": 1
            },
            {
                "id": "1837094854886318081",
                "name": "技术组",
                "parentId": "1837094853405728770",
                "rootId": "1837094853405728770",
                "type": "dept",
                "children": [],
                "peopleNum": 0
            },
            {
                "id": "1837094855087644674",
                "name": "四川分公司-培训",
                "parentId": "1837094853405728770",
                "rootId": "1837094853405728770",
                "type": "dept",
                "children": [],
                "peopleNum": 0
            },
            {
                "id": "1837094854726934530",
                "name": "人力资源服务中心",
                "parentId": "1837094853405728770",
                "rootId": "1837094853405728770",
                "type": "dept",
                "children": [],
                "peopleNum": 0
            },
            {
                "id": "1838529494110072834",
                "name": "大数据部",
                "parentId": "1837094853405728770",
                "rootId": "1837094853405728770",
                "type": "dept",
                "children": [],
                "peopleNum": 0
            },
            {
                "id": "1838514909709758465",
                "name": "培训事业部",
                "parentId": "1837094853405728770",
                "rootId": "1837094853405728770",
                "type": "dept",
                "children": [],
                "peopleNum": 0
            },
            {
                "id": "1837094854341058561",
                "name": "新建数",
                "parentId": "1837094853405728770",
                "rootId": "1837094853405728770",
                "type": "dept",
                "children": [],
                "peopleNum": 0
            },
            {
                "id": "1837094854953426945",
                "name": "重庆分公司-就业",
                "parentId": "1837094853405728770",
                "rootId": "1837094853405728770",
                "type": "dept",
                "children": [],
                "peopleNum": 0
            },
            {
                "id": "1837094854626271234",
                "name": "家政",
                "parentId": "1837094853405728770",
                "rootId": "1837094853405728770",
                "type": "dept",
                "children": [],
                "peopleNum": 0
            },
            {
                "id": "1837094854508830721",
                "name": "重庆分公司",
                "parentId": "1837094853405728770",
                "rootId": "1837094853405728770",
                "type": "dept",
                "children": [],
                "peopleNum": 0
            },
            {
                "id": "1838515661647802369",
                "name": "品宣部",
                "parentId": "1837094853405728770",
                "rootId": "1837094853405728770",
                "type": "dept",
                "children": [],
                "peopleNum": 0
            },
            {
                "id": "1837094854554968065",
                "name": " 数据交换",
                "parentId": "1837094853405728770",
                "rootId": "1837094853405728770",
                "type": "dept",
                "children": [],
                "peopleNum": 0
            },
            {
                "id": "1837094854810820609",
                "name": "一组",
                "parentId": "1837094853405728770",
                "rootId": "1837094853405728770",
                "type": "dept",
                "children": [],
                "peopleNum": 0
            },
            {
                "id": "1837094854794043394",
                "name": "支持组",
                "parentId": "1837094853405728770",
                "rootId": "1837094853405728770",
                "type": "dept",
                "children": [],
                "peopleNum": 0
            },
            {
                "id": "1837094854760488961",
                "name": "特种人员",
                "parentId": "1837094853405728770",
                "rootId": "1837094853405728770",
                "type": "dept",
                "children": [],
                "peopleNum": 0
            },
            {
                "id": "1837094854869540865",
                "name": "四组",
                "parentId": "1837094853405728770",
                "rootId": "1837094853405728770",
                "type": "dept",
                "children": [],
                "peopleNum": 0
            },
            {
                "id": "1838515939340087297",
                "name": "BP部",
                "parentId": "1837094853405728770",
                "rootId": "1837094853405728770",
                "type": "dept",
                "children": [],
                "peopleNum": 0
            },
            {
                "id": "1838509503449034753",
                "name": "教务部",
                "parentId": "1837094853405728770",
                "rootId": "1837094853405728770",
                "type": "dept",
                "children": [],
                "peopleNum": 0
            },
            {
                "id": "1837094854932455426",
                "name": "离职组",
                "parentId": "1837094853405728770",
                "rootId": "1837094853405728770",
                "type": "dept",
                "children": [],
                "peopleNum": 0
            },
            {
                "id": "1837094853858713601",
                "name": "工匠行",
                "parentId": "1837094853405728770",
                "rootId": "1837094853405728770",
                "type": "dept",
                "children": [],
                "peopleNum": 3
            },
            {
                "id": "1837094854647242753",
                "name": "装饰装修",
                "parentId": "1837094853405728770",
                "rootId": "1837094853405728770",
                "type": "dept",
                "children": [],
                "peopleNum": 0
            },
            {
                "id": "1837094854424944641",
                "name": "研发部门",
                "parentId": "1837094853405728770",
                "rootId": "1837094853405728770",
                "type": "dept",
                "children": [],
                "peopleNum": 20
            },
            {
                "id": "1837094854710157313",
                "name": "劳务派遣公司服务",
                "parentId": "1837094853405728770",
                "rootId": "1837094853405728770",
                "type": "dept",
                "children": [],
                "peopleNum": 0
            },
            {
                "id": "1837094854664019970",
                "name": "企业资源资质服务",
                "parentId": "1837094853405728770",
                "rootId": "1837094853405728770",
                "type": "dept",
                "children": [],
                "peopleNum": 0
            },
            {
                "id": "1837094854399778818",
                "name": "人资部门",
                "parentId": "1837094853405728770",
                "rootId": "1837094853405728770",
                "type": "dept",
                "children": [],
                "peopleNum": 0
            },
            {
                "id": "1837094854374612993",
                "name": "黔农珍品部门",
                "parentId": "1837094853405728770",
                "rootId": "1837094853405728770",
                "type": "dept",
                "children": [],
                "peopleNum": 0
            },
            {
                "id": "1837094854479470593",
                "name": "学校",
                "parentId": "1837094853405728770",
                "rootId": "1837094853405728770",
                "type": "dept",
                "children": [],
                "peopleNum": 0
            }
        ],
        "peopleNum": 87
    },
    "success": true
}
2024-10-21 17:48:37 - INFO - Starting API test...
2024-10-21 17:48:53 - INFO - Starting API test...
2024-10-21 17:48:53 - INFO - Status Code: 200, Response Body: {"msg":"操作成功","code":200,"data":{"id":"1837094853405728770","name":"贵州工匠行科技有限公司","parentId":null,"rootId":"1837094853405728770","type":"root","children":[{"id":"1837103621094912002","name":"cml测试分公司","parentId":"1837094853405728770","rootId":"1837094853405728770","type":"branch","children":[{"id":"1837104364556349442","name":"cml测试-研发部new1","parentId":"1837103621094912002","rootId":"1837094853405728770","type":"dept","children":[],"peopleNum":8},{"id":"1837787884295471106","name":"测试","parentId":"1837103621094912002","rootId":"1837094853405728770","type":"dept","children":[],"peopleNum":1}],"peopleNum":8},{"id":"1846021687502602241","name":"v","parentId":"1837094853405728770","rootId":"1837094853405728770","type":"branch","children":[],"peopleNum":0},{"id":"1848276059271901186","name":"审批公司","parentId":"1837094853405728770","rootId":"1837094853405728770","type":"branch","children":[],"peopleNum":0},{"id":"1839130015535665153","name":"测试分公司","parentId":"1837094853405728770","rootId":"1837094853405728770","type":"branch","children":[{"id":"1843584448000573442","name":"测试","parentId":"1839130015535665153","rootId":"1837094853405728770","type":"dept","children":[],"peopleNum":0},{"id":"1846080519536848897","name":"测试1","parentId":"1839130015535665153","rootId":"1837094853405728770","type":"dept","children":[],"peopleNum":0},{"id":"1844565386645954562","name":"测试2","parentId":"1839130015535665153","rootId":"1837094853405728770","type":"dept","children":[],"peopleNum":0},{"id":"1846087428063047681","name":"测试3","parentId":"1839130015535665153","rootId":"1837094853405728770","type":"dept","children":[],"peopleNum":0},{"id":"1839130139439628290","name":"测试部门","parentId":"1839130015535665153","rootId":"1837094853405728770","type":"dept","children":[],"peopleNum":11},{"id":"1844565290218905601","name":"测试","parentId":"1839130015535665153","rootId":"1837094853405728770","type":"dept","children":[],"peopleNum":0},{"id":"1844572849395367937","name":"测试","parentId":"1839130015535665153","rootId":"1837094853405728770","type":"dept","children":[],"peopleNum":1}],"peopleNum":12},{"id":"1838477805898416130","name":"测试","parentId":"1837094853405728770","rootId":"1837094853405728770","type":"sub","children":[{"id":"1846021570791899138","name":"a","parentId":"1838477805898416130","rootId":"1837094853405728770","type":"sub","children":[],"peopleNum":0}],"peopleNum":0},{"id":"1843582585989668865","name":"a","parentId":"1837094853405728770","rootId":"1837094853405728770","type":"sub","children":[],"peopleNum":0},{"id":"1837119812639305730","name":"王炜子公司1","parentId":"1837094853405728770","rootId":"1837094853405728770","type":"sub","children":[{"id":"1847196416414543873","name":"部门","parentId":"1837119812639305730","rootId":"1837094853405728770","type":"dept","children":[],"peopleNum":0},{"id":"1837119940985057282","name":"王炜测试子公司-部门1","parentId":"1837119812639305730","rootId":"1837094853405728770","type":"dept","children":[],"peopleNum":3},{"id":"1847180721572245506","name":"部门1","parentId":"1837119812639305730","rootId":"1837094853405728770","type":"dept","children":[],"peopleNum":0}],"peopleNum":3},{"id":"1844633685262483457","name":"aaa","parentId":"1837094853405728770","rootId":"1837094853405728770","type":"sub","children":[{"id":"1846085440495628289","name":"mmmmmmm","parentId":"1844633685262483457","rootId":"1837094853405728770","type":"dept","children":[],"peopleNum":0}],"peopleNum":0},{"id":"1839249182234382337","name":"aa","parentId":"1837094853405728770","rootId":"1837094853405728770","type":"sub","children":[],"peopleNum":0},{"id":"1837103444112060418","name":"cml测试子公司","parentId":"1837094853405728770","rootId":"1837094853405728770","type":"sub","children":[{"id":"1837103831284150273","name":"cml测试部门","parentId":"1837103444112060418","rootId":"1837094853405728770","type":"dept","children":[],"peopleNum":1},{"id":"1838491596899905537","name":"研发部","parentId":"1837103444112060418","rootId":"1837094853405728770","type":"dept","children":[],"peopleNum":4}],"peopleNum":4},{"id":"1848265103531749378","name":"ccccccccc","parentId":"1837094853405728770","rootId":"1837094853405728770","type":"sub","children":[],"peopleNum":0},{"id":"1838508192527708161","name":"行政部","parentId":"1837094853405728770","rootId":"1837094853405728770","type":"dept","children":[],"peopleNum":5},{"id":"1837094854533996546","name":"四川分公司","parentId":"1837094853405728770","rootId":"1837094853405728770","type":"dept","children":[],"peopleNum":0},{"id":"1837094854282338306","name":"财务部门","parentId":"1837094853405728770","rootId":"1837094853405728770","type":"dept","children":[],"peopleNum":5},{"id":"1837094854223618049","name":"总经办","parentId":"1837094853405728770","rootId":"1837094853405728770","type":"dept","children":[],"peopleNum":0},{"id":"1837094854831792130","name":"二组","parentId":"1837094853405728770","rootId":"1837094853405728770","type":"dept","children":[],"peopleNum":0},{"id":"1837094854747906049","name":"三类八大员","parentId":"1837094853405728770","rootId":"1837094853405728770","type":"dept","children":[],"peopleNum":0},{"id":"1837094854454304769","name":"数据部门","parentId":"1837094853405728770","rootId":"1837094853405728770","type":"dept","children":[],"peopleNum":0},{"id":"1837094854252978178","name":"就业事业部","parentId":"1837094853405728770","rootId":"1837094853405728770","type":"dept","children":[],"peopleNum":0},{"id":"1837094855037313025","name":"重庆分公司-培训","parentId":"1837094853405728770","rootId":"1837094853405728770","type":"dept","children":[],"peopleNum":0},{"id":"1837094854601105409","name":"制造业","parentId":"1837094853405728770","rootId":"1837094853405728770","type":"dept","children":[],"peopleNum":0},{"id":"1838754020982943745","name":"测试部门1","parentId":"1837094853405728770","rootId":"1837094853405728770","type":"dept","children":[],"peopleNum":4},{"id":"1837094855108616194","name":"其他部门","parentId":"1837094853405728770","rootId":"1837094853405728770","type":"dept","children":[],"peopleNum":50},{"id":"1837094854852763649","name":"三组","parentId":"1837094853405728770","rootId":"1837094853405728770","type":"dept","children":[],"peopleNum":0},{"id":"1837094854684991489","name":"服务业","parentId":"1837094853405728770","rootId":"1837094853405728770","type":"dept","children":[],"peopleNum":0},{"id":"1837094854307504129","name":"就业事业部（岗位服务）","parentId":"1837094853405728770","rootId":"1837094853405728770","type":"dept","children":[],"peopleNum":0},{"id":"1837094854575939585","name":"建筑业","parentId":"1837094853405728770","rootId":"1837094853405728770","type":"dept","children":[],"peopleNum":0},{"id":"1837094855062478850","name":"四川分公司-就业","parentId":"1837094853405728770","rootId":"1837094853405728770","type":"dept","children":[],"peopleNum":0},{"id":"1837094854911483905","name":"试岗/兼职组","parentId":"1837094853405728770","rootId":"1837094853405728770","type":"dept","children":[],"peopleNum":0},{"id":"1837783713483767809","name":"测试","parentId":"1837094853405728770","rootId":"1837094853405728770","type":"dept","children":[],"peopleNum":1},{"id":"1837094854886318081","name":"技术组","parentId":"1837094853405728770","rootId":"1837094853405728770","type":"dept","children":[],"peopleNum":0},{"id":"1837094855087644674","name":"四川分公司-培训","parentId":"1837094853405728770","rootId":"1837094853405728770","type":"dept","children":[],"peopleNum":0},{"id":"1837094854726934530","name":"人力资源服务中心","parentId":"1837094853405728770","rootId":"1837094853405728770","type":"dept","children":[],"peopleNum":0},{"id":"1838529494110072834","name":"大数据部","parentId":"1837094853405728770","rootId":"1837094853405728770","type":"dept","children":[],"peopleNum":0},{"id":"1838514909709758465","name":"培训事业部","parentId":"1837094853405728770","rootId":"1837094853405728770","type":"dept","children":[],"peopleNum":0},{"id":"1837094854341058561","name":"新建数","parentId":"1837094853405728770","rootId":"1837094853405728770","type":"dept","children":[],"peopleNum":0},{"id":"1837094854953426945","name":"重庆分公司-就业","parentId":"1837094853405728770","rootId":"1837094853405728770","type":"dept","children":[],"peopleNum":0},{"id":"1837094854626271234","name":"家政","parentId":"1837094853405728770","rootId":"1837094853405728770","type":"dept","children":[],"peopleNum":0},{"id":"1837094854508830721","name":"重庆分公司","parentId":"1837094853405728770","rootId":"1837094853405728770","type":"dept","children":[],"peopleNum":0},{"id":"1838515661647802369","name":"品宣部","parentId":"1837094853405728770","rootId":"1837094853405728770","type":"dept","children":[],"peopleNum":0},{"id":"1837094854554968065","name":" 数据交换","parentId":"1837094853405728770","rootId":"1837094853405728770","type":"dept","children":[],"peopleNum":0},{"id":"1837094854810820609","name":"一组","parentId":"1837094853405728770","rootId":"1837094853405728770","type":"dept","children":[],"peopleNum":0},{"id":"1837094854794043394","name":"支持组","parentId":"1837094853405728770","rootId":"1837094853405728770","type":"dept","children":[],"peopleNum":0},{"id":"1837094854760488961","name":"特种人员","parentId":"1837094853405728770","rootId":"1837094853405728770","type":"dept","children":[],"peopleNum":0},{"id":"1837094854869540865","name":"四组","parentId":"1837094853405728770","rootId":"1837094853405728770","type":"dept","children":[],"peopleNum":0},{"id":"1838515939340087297","name":"BP部","parentId":"1837094853405728770","rootId":"1837094853405728770","type":"dept","children":[],"peopleNum":0},{"id":"1838509503449034753","name":"教务部","parentId":"1837094853405728770","rootId":"1837094853405728770","type":"dept","children":[],"peopleNum":0},{"id":"1837094854932455426","name":"离职组","parentId":"1837094853405728770","rootId":"1837094853405728770","type":"dept","children":[],"peopleNum":0},{"id":"1837094853858713601","name":"工匠行","parentId":"1837094853405728770","rootId":"1837094853405728770","type":"dept","children":[],"peopleNum":3},{"id":"1837094854647242753","name":"装饰装修","parentId":"1837094853405728770","rootId":"1837094853405728770","type":"dept","children":[],"peopleNum":0},{"id":"1837094854424944641","name":"研发部门","parentId":"1837094853405728770","rootId":"1837094853405728770","type":"dept","children":[],"peopleNum":20},{"id":"1837094854710157313","name":"劳务派遣公司服务","parentId":"1837094853405728770","rootId":"1837094853405728770","type":"dept","children":[],"peopleNum":0},{"id":"1837094854664019970","name":"企业资源资质服务","parentId":"1837094853405728770","rootId":"1837094853405728770","type":"dept","children":[],"peopleNum":0},{"id":"1837094854399778818","name":"人资部门","parentId":"1837094853405728770","rootId":"1837094853405728770","type":"dept","children":[],"peopleNum":0},{"id":"1837094854374612993","name":"黔农珍品部门","parentId":"1837094853405728770","rootId":"1837094853405728770","type":"dept","children":[],"peopleNum":0},{"id":"1837094854479470593","name":"学校","parentId":"1837094853405728770","rootId":"1837094853405728770","type":"dept","children":[],"peopleNum":0}],"peopleNum":87},"success":true}
2024-10-22 10:33:33 - INFO - Status Code: 200, Response Body:{"code":401,"msg":"登录状态已过期"}
2024-10-25 15:23:14 - INFO - Starting API test...
2024-10-25 15:23:15 - INFO - Status Code: 200, Response Body: {"code":401,"msg":"登录状态已过期"}
2024-10-29 09:56:55 - INFO - Status Code: 200, Response Body:{"code":401,"msg":"登录状态已过期"}
2024-10-29 09:57:22 - INFO - Status Code: 200, Response Body:{"code":401,"msg":"登录状态已过期"}
2024-10-29 09:57:22 - INFO - Status Code: 200, Response Body:{"code":401,"msg":"登录状态已过期"}
2024-10-29 09:57:22 - INFO - Status Code: 200, Response Body:{"code":401,"msg":"登录状态已过期"}
2024-10-29 09:57:22 - INFO - Status Code: 200, Response Body:{"code":401,"msg":"登录状态已过期"}
2024-10-29 09:57:22 - INFO - Status Code: 200, Response Body:{"code":401,"msg":"登录状态已过期"}
2024-10-29 09:57:22 - INFO - Status Code: 200, Response Body:{"code":401,"msg":"登录状态已过期"}
2024-10-29 09:57:22 - INFO - Status Code: 200, Response Body:{"code":401,"msg":"登录状态已过期"}
2024-10-29 09:57:22 - INFO - Status Code: 200, Response Body:{"code":401,"msg":"登录状态已过期"}
2024-10-29 09:57:22 - INFO - Status Code: 200, Response Body:{"code":401,"msg":"登录状态已过期"}
2024-10-29 09:57:22 - INFO - Status Code: 200, Response Body:{"code":401,"msg":"登录状态已过期"}
2024-10-29 09:57:22 - INFO - Status Code: 200, Response Body:{"code":401,"msg":"登录状态已过期"}
2024-10-29 09:57:22 - INFO - Status Code: 200, Response Body:{"code":401,"msg":"登录状态已过期"}
2024-10-29 09:57:22 - INFO - Status Code: 200, Response Body:{"code":401,"msg":"登录状态已过期"}
2024-10-29 09:57:22 - INFO - Status Code: 200, Response Body:{"code":401,"msg":"登录状态已过期"}
2024-10-29 09:57:22 - INFO - Status Code: 200, Response Body:{"code":401,"msg":"登录状态已过期"}
2024-10-29 09:57:22 - INFO - Status Code: 200, Response Body:{"code":401,"msg":"登录状态已过期"}
2024-10-29 09:57:22 - INFO - Status Code: 200, Response Body:{"code":401,"msg":"登录状态已过期"}
2024-10-29 09:57:22 - INFO - Status Code: 200, Response Body:{"code":401,"msg":"登录状态已过期"}
2024-10-29 09:57:22 - INFO - Status Code: 200, Response Body:{"code":401,"msg":"登录状态已过期"}
2024-10-29 09:57:22 - INFO - Status Code: 200, Response Body:{"code":401,"msg":"登录状态已过期"}
2024-10-29 09:57:22 - INFO - Status Code: 200, Response Body:{"code":401,"msg":"登录状态已过期"}
2024-10-29 09:57:22 - INFO - Status Code: 200, Response Body:{"code":401,"msg":"登录状态已过期"}
2024-10-29 09:57:22 - INFO - Status Code: 200, Response Body:{"code":401,"msg":"登录状态已过期"}
2024-10-29 09:57:22 - INFO - Status Code: 200, Response Body:{"code":401,"msg":"登录状态已过期"}
2024-10-29 09:57:22 - INFO - Status Code: 200, Response Body:{"code":401,"msg":"登录状态已过期"}
2024-10-29 09:57:22 - INFO - Status Code: 200, Response Body:{"code":401,"msg":"登录状态已过期"}
2024-10-29 09:57:22 - INFO - Status Code: 200, Response Body:{"code":401,"msg":"登录状态已过期"}
2024-10-29 09:57:22 - INFO - Status Code: 200, Response Body:{"code":401,"msg":"登录状态已过期"}
2024-10-29 09:57:22 - INFO - Status Code: 200, Response Body:{"code":401,"msg":"登录状态已过期"}
2024-10-29 09:57:23 - INFO - Status Code: 200, Response Body:{"code":401,"msg":"登录状态已过期"}
2024-10-29 09:57:23 - INFO - Status Code: 200, Response Body:{"code":401,"msg":"登录状态已过期"}
2024-10-29 09:57:23 - INFO - Status Code: 200, Response Body:{"code":401,"msg":"登录状态已过期"}
2024-10-29 09:57:23 - INFO - Status Code: 200, Response Body:{"code":401,"msg":"登录状态已过期"}
2024-10-29 09:57:23 - INFO - Status Code: 200, Response Body:{"code":401,"msg":"登录状态已过期"}
2024-10-29 09:57:23 - INFO - Status Code: 200, Response Body:{"code":401,"msg":"登录状态已过期"}
2024-10-29 09:57:23 - INFO - Status Code: 200, Response Body:{"code":401,"msg":"登录状态已过期"}
2024-10-29 09:57:23 - INFO - Status Code: 200, Response Body:{"code":401,"msg":"登录状态已过期"}
2024-10-29 09:57:23 - INFO - Status Code: 200, Response Body:{"code":401,"msg":"登录状态已过期"}
2024-10-29 09:57:23 - INFO - Status Code: 200, Response Body:{"code":401,"msg":"登录状态已过期"}
2024-10-29 09:57:23 - INFO - Status Code: 200, Response Body:{"code":401,"msg":"登录状态已过期"}
2024-10-29 09:57:23 - INFO - Status Code: 200, Response Body:{"code":401,"msg":"登录状态已过期"}
2024-10-29 09:57:23 - INFO - Status Code: 200, Response Body:{"code":401,"msg":"登录状态已过期"}
2024-10-29 09:57:23 - INFO - Status Code: 200, Response Body:{"code":401,"msg":"登录状态已过期"}
2024-10-29 09:57:23 - INFO - Status Code: 200, Response Body:{"code":401,"msg":"登录状态已过期"}
2024-10-29 09:57:23 - INFO - Status Code: 200, Response Body:{"code":401,"msg":"登录状态已过期"}
2024-10-29 09:57:23 - INFO - Status Code: 200, Response Body:{"code":401,"msg":"登录状态已过期"}
2024-10-29 09:57:23 - INFO - Status Code: 200, Response Body:{"code":401,"msg":"登录状态已过期"}
2024-10-29 09:57:23 - INFO - Status Code: 200, Response Body:{"code":401,"msg":"登录状态已过期"}
2024-10-29 09:57:23 - INFO - Status Code: 200, Response Body:{"code":401,"msg":"登录状态已过期"}
2024-10-29 09:57:23 - INFO - Status Code: 200, Response Body:{"code":401,"msg":"登录状态已过期"}
2024-10-29 09:58:31 - INFO - Status Code: 200, Response Body:{"code":401,"msg":"内部服务器错误"}
2024-10-29 09:59:44 - INFO - Status Code: 200, Response Body:{"msg":"组织结构下已存在同名部门","code":500}
